<?xml version="1.0" encoding="UTF-8"?>
<testsuite name="com.basics.AppTest" tests="1" skipped="0" failures="0" errors="0" timestamp="2022-02-01T18:57:32" hostname="processor" time="0.037">
  <properties/>
  <testcase name="fooBar function should say Hello to processor" classname="com.basics.AppTest" time="0.037"/>
  <system-out><![CDATA[Hello processor
]]></system-out>
  <system-err><![CDATA[]]></system-err>
</testsuite>
