<?xml version="1.0" encoding="UTF-8"?>
<testsuite name="com.LibrarySuite" tests="1" skipped="0" failures="0" errors="0" timestamp="2022-01-15T07:15:52" hostname="processor" time="0.174">
  <properties/>
  <testcase name="someLibraryMethod is always true" classname="com.LibrarySuite" time="0.174"/>
  <system-out><![CDATA[hello Gradle
]]></system-out>
  <system-err><![CDATA[]]></system-err>
</testsuite>
